{
    "FunctionName": "hello-cli",
    "FunctionArn": "arn:aws:lambda:us-east-1:189543651183:function:hello-cli:1",
    "Runtime": "nodejs14.x",
    "Role": "arn:aws:iam::189543651183:role/lambda-exemplo",
    "Handler": "index.handler",
    "CodeSize": 329,
    "Description": "",
    "Timeout": 3,
    "MemorySize": 128,
    "LastModified": "2021-11-21T21:48:06.000+0000",
    "CodeSha256": "jfpJTNXWtotuSQQoDxq4teI5LYKZLIgIeDS/+KHBDp8=",
    "Version": "1",
    "TracingConfig": {
        "Mode": "PassThrough"
    },
    "RevisionId": "4dba1960-a183-4e3d-839e-8cee9499f73b",
    "State": "Pending",
    "StateReason": "The function is being created.",
    "StateReasonCode": "Creating",
    "PackageType": "Zip",
    "Architectures": [
        "x86_64"
    ]
}
